<?xml version="1.0" encoding="UTF-8"?>
<robot generator="Robot 4.1.1 (Python 3.8.10 on linux)" generated="20211217 09:09:41.131" rpa="false" schemaversion="2">
<suite id="s1" name="Robot Interactive Console" source="/home/carlos/.vscode/extensions/robocorp.robotframework-lsp-0.34.0/src/robotframework_ls/vendored/robotframework_interactive/robot_interactive_console.robot">
<test id="s1-t1" name="Default Task/Test">
<kw name="Interpreter Main Loop" library="MainLoop">
<status status="PASS" starttime="20211217 09:09:41.145" endtime="20211217 09:09:51.161"/>
</kw>
<status status="PASS" starttime="20211217 09:09:41.144" endtime="20211217 09:09:51.162"/>
</test>
<status status="PASS" starttime="20211217 09:09:41.132" endtime="20211217 09:09:51.162"/>
</suite>
<statistics>
<total>
<stat pass="1" fail="0" skip="0">All Tests</stat>
</total>
<tag>
</tag>
<suite>
<stat pass="1" fail="0" skip="0" id="s1" name="Robot Interactive Console">Robot Interactive Console</stat>
</suite>
</statistics>
<errors>
</errors>
</robot>
